app/build/intermediates/manifest_merge_blame_file/debug/manifest-merger-blame-debug-report.txt
1<?xml version="1.0" encoding="utf-8"?>
2<manifest xmlns:android="http://schemas.android.com/apk/res/android"
3    package="com.teamSLL.mlkit"
4    android:installLocation="auto"
5    android:versionCode="11"
6    android:versionName="1.11" >
7    <!--
8 CameraX libraries require minSdkVersion 21, while this quickstart app
9    supports low to 19. Needs to use overrideLibrary to make the merger tool
10    ignore this conflict and import the libraries while keeping the app's lower
11    minSdkVersion value. In code, will check SDK version, before calling CameraX
12    minSdkVersion value. In code, will check SDK version, before calling CameraX
13    APIs.
14    -->
15    <uses-sdk
15-->src\main\AndroidManifest.xml:13:5-16:63
16        android:minSdkVersion="19"
16-->src\main\AndroidManifest.xml:13:5-16:63
17        android:targetSdkVersion="31" />
17-->src\main\AndroidManifest.xml:13:5-16:63
18
19    <uses-feature android:name="android.hardware.camera" />
19-->src\main\AndroidManifest.xml:18:5-59
19-->src\main\AndroidManifest.xml:18:19-57
20
21    <uses-permission android:name="android.permission.INTERNET" />
21-->src\main\AndroidManifest.xml:20:5-66
21-->src\main\AndroidManifest.xml:20:22-64
22    <uses-permission android:name="android.permission.WRITE_EXTERNAL_STORAGE" />
22-->src\main\AndroidManifest.xml:21:5-80
22-->src\main\AndroidManifest.xml:21:22-78
23    <uses-permission android:name="android.permission.READ_EXTERNAL_STORAGE" />
23-->src\main\AndroidManifest.xml:22:5-79
23-->src\main\AndroidManifest.xml:22:22-77
24    <uses-permission android:name="android.permission.CAMERA" />
24-->src\main\AndroidManifest.xml:23:5-64
24-->src\main\AndroidManifest.xml:23:22-62
25
26    <queries>
26-->src\main\AndroidManifest.xml:55:5-59:15
27        <intent>
27-->src\main\AndroidManifest.xml:56:9-58:18
28            <action android:name="android.media.action.IMAGE_CAPTURE" />
28-->src\main\AndroidManifest.xml:57:13-73
28-->src\main\AndroidManifest.xml:57:21-70
29        </intent>
30    </queries>
31
32    <!-- Although the *SdkVersion is captured in gradle build files, this is required for non gradle builds -->
33    <!-- <uses-sdk android:minSdkVersion="14"/> -->
34    <uses-permission android:name="android.permission.ACCESS_NETWORK_STATE" />
34-->[com.google.android.datatransport:transport-backend-cct:2.3.3] AndroidManifest.xml:25:5-79
34-->[com.google.android.datatransport:transport-backend-cct:2.3.3] AndroidManifest.xml:25:22-76
35
36    <application
36-->src\main\AndroidManifest.xml:25:5-54:19
37        android:name="androidx.multidex.MultiDexApplication"
37-->src\main\AndroidManifest.xml:26:9-61
38        android:appComponentFactory="androidx.core.app.CoreComponentFactory"
38-->[androidx.core:core:1.3.1] AndroidManifest.xml:24:18-86
39        android:debuggable="true"
40        android:icon="@drawable/logo_mlkit"
40-->src\main\AndroidManifest.xml:27:9-44
41        android:label="@string/app_name"
41-->src\main\AndroidManifest.xml:28:9-41
42        android:testOnly="true"
43        android:theme="@style/Theme.AppCompat" >
43-->src\main\AndroidManifest.xml:29:9-47
44        <meta-data
44-->src\main\AndroidManifest.xml:31:9-33:68
45            android:name="com.teamSLL.android.gms.version"
45-->src\main\AndroidManifest.xml:32:13-59
46            android:value="@integer/google_play_services_version" />
46-->src\main\AndroidManifest.xml:33:13-66
47
48        <!--
49          Optional: Add it to automatically download ML model to device after
50          your app is installed.
51        -->
52        <meta-data
52-->src\main\AndroidManifest.xml:37:9-39:62
53            android:name="com.teamSLL.mlkit.DEPENDENCIES"
53-->src\main\AndroidManifest.xml:38:13-58
54            android:value="barcode,face,ocr,ica,custom_ica" />
54-->src\main\AndroidManifest.xml:39:13-60
55
56        <activity
56-->src\main\AndroidManifest.xml:42:9-52:20
57            android:name="com.teamSLL.mlkit.CameraXLivePreviewActivity"
57-->src\main\AndroidManifest.xml:43:13-72
58            android:exported="true"
58-->src\main\AndroidManifest.xml:44:13-36
59            android:screenOrientation="landscape"
59-->src\main\AndroidManifest.xml:45:13-50
60            android:theme="@style/AppTheme" >
60-->src\main\AndroidManifest.xml:46:13-44
61            <intent-filter>
61-->src\main\AndroidManifest.xml:48:13-51:29
62                <action android:name="android.intent.action.MAIN" />
62-->src\main\AndroidManifest.xml:49:17-68
62-->src\main\AndroidManifest.xml:49:25-66
63
64                <category android:name="android.intent.category.LAUNCHER" />
64-->src\main\AndroidManifest.xml:50:17-76
64-->src\main\AndroidManifest.xml:50:27-74
65            </intent-filter>
66        </activity>
67
68        <service
68-->[com.google.android.gms:play-services-mlkit-face-detection:17.0.1] AndroidManifest.xml:9:9-15:19
69            android:name="com.google.mlkit.common.internal.MlKitComponentDiscoveryService"
69-->[com.google.android.gms:play-services-mlkit-face-detection:17.0.1] AndroidManifest.xml:10:13-91
70            android:directBootAware="true"
70-->[com.google.mlkit:common:18.1.0] AndroidManifest.xml:17:13-43
71            android:exported="false" >
71-->[com.google.android.gms:play-services-mlkit-face-detection:17.0.1] AndroidManifest.xml:11:13-37
72            <meta-data
72-->[com.google.android.gms:play-services-mlkit-face-detection:17.0.1] AndroidManifest.xml:12:13-14:85
73                android:name="com.google.firebase.components:com.google.mlkit.vision.face.internal.FaceRegistrar"
73-->[com.google.android.gms:play-services-mlkit-face-detection:17.0.1] AndroidManifest.xml:13:17-114
74                android:value="com.google.firebase.components.ComponentRegistrar" />
74-->[com.google.android.gms:play-services-mlkit-face-detection:17.0.1] AndroidManifest.xml:14:17-82
75            <meta-data
75-->[com.google.mlkit:vision-common:17.1.0] AndroidManifest.xml:12:13-14:85
76                android:name="com.google.firebase.components:com.google.mlkit.vision.common.internal.VisionCommonRegistrar"
76-->[com.google.mlkit:vision-common:17.1.0] AndroidManifest.xml:13:17-124
77                android:value="com.google.firebase.components.ComponentRegistrar" />
77-->[com.google.mlkit:vision-common:17.1.0] AndroidManifest.xml:14:17-82
78            <meta-data
78-->[com.google.mlkit:common:18.1.0] AndroidManifest.xml:20:13-22:85
79                android:name="com.google.firebase.components:com.google.mlkit.common.internal.CommonComponentRegistrar"
79-->[com.google.mlkit:common:18.1.0] AndroidManifest.xml:21:17-120
80                android:value="com.google.firebase.components.ComponentRegistrar" />
80-->[com.google.mlkit:common:18.1.0] AndroidManifest.xml:22:17-82
81        </service>
82
83        <provider
83-->[com.google.mlkit:common:18.1.0] AndroidManifest.xml:9:9-13:38
84            android:name="com.google.mlkit.common.internal.MlKitInitProvider"
84-->[com.google.mlkit:common:18.1.0] AndroidManifest.xml:10:13-78
85            android:authorities="com.teamSLL.mlkit.mlkitinitprovider"
85-->[com.google.mlkit:common:18.1.0] AndroidManifest.xml:11:13-69
86            android:exported="false"
86-->[com.google.mlkit:common:18.1.0] AndroidManifest.xml:12:13-37
87            android:initOrder="99" />
87-->[com.google.mlkit:common:18.1.0] AndroidManifest.xml:13:13-35
88
89        <activity
89-->[com.google.android.gms:play-services-base:18.0.1] AndroidManifest.xml:20:9-22:45
90            android:name="com.google.android.gms.common.api.GoogleApiActivity"
90-->[com.google.android.gms:play-services-base:18.0.1] AndroidManifest.xml:20:19-85
91            android:exported="false"
91-->[com.google.android.gms:play-services-base:18.0.1] AndroidManifest.xml:22:19-43
92            android:theme="@android:style/Theme.Translucent.NoTitleBar" />
92-->[com.google.android.gms:play-services-base:18.0.1] AndroidManifest.xml:21:19-78
93
94        <meta-data
94-->[com.google.android.gms:play-services-basement:18.0.0] AndroidManifest.xml:21:9-23:69
95            android:name="com.google.android.gms.version"
95-->[com.google.android.gms:play-services-basement:18.0.0] AndroidManifest.xml:22:13-58
96            android:value="@integer/google_play_services_version" />
96-->[com.google.android.gms:play-services-basement:18.0.0] AndroidManifest.xml:23:13-66
97
98        <service
98-->[com.google.android.datatransport:transport-backend-cct:2.3.3] AndroidManifest.xml:29:9-35:19
99            android:name="com.google.android.datatransport.runtime.backends.TransportBackendDiscovery"
99-->[com.google.android.datatransport:transport-backend-cct:2.3.3] AndroidManifest.xml:30:13-103
100            android:exported="false" >
100-->[com.google.android.datatransport:transport-backend-cct:2.3.3] AndroidManifest.xml:31:13-37
101            <meta-data
101-->[com.google.android.datatransport:transport-backend-cct:2.3.3] AndroidManifest.xml:32:13-34:39
102                android:name="backend:com.google.android.datatransport.cct.CctBackendFactory"
102-->[com.google.android.datatransport:transport-backend-cct:2.3.3] AndroidManifest.xml:33:17-94
103                android:value="cct" />
103-->[com.google.android.datatransport:transport-backend-cct:2.3.3] AndroidManifest.xml:34:17-36
104        </service>
105        <service
105-->[com.google.android.datatransport:transport-runtime:2.2.6] AndroidManifest.xml:26:9-30:19
106            android:name="com.google.android.datatransport.runtime.scheduling.jobscheduling.JobInfoSchedulerService"
106-->[com.google.android.datatransport:transport-runtime:2.2.6] AndroidManifest.xml:27:13-117
107            android:exported="false"
107-->[com.google.android.datatransport:transport-runtime:2.2.6] AndroidManifest.xml:28:13-37
108            android:permission="android.permission.BIND_JOB_SERVICE" >
108-->[com.google.android.datatransport:transport-runtime:2.2.6] AndroidManifest.xml:29:13-69
109        </service>
110
111        <receiver
111-->[com.google.android.datatransport:transport-runtime:2.2.6] AndroidManifest.xml:32:9-34:40
112            android:name="com.google.android.datatransport.runtime.scheduling.jobscheduling.AlarmManagerSchedulerBroadcastReceiver"
112-->[com.google.android.datatransport:transport-runtime:2.2.6] AndroidManifest.xml:33:13-132
113            android:exported="false" />
113-->[com.google.android.datatransport:transport-runtime:2.2.6] AndroidManifest.xml:34:13-37
114    </application>
115
116</manifest>